This is pdfTeX, Version 3.141592653-2.6-1.40.26 (TeX Live 2024) (preloaded format=pdflatex 2024.9.12)  25 NOV 2024 20:37
entering extended mode
 restricted \write18 enabled.
 file:line:error style messages enabled.
 %&-line parsing enabled.
**/Users/JosephYu/Desktop/GT/ML-Neural-Data/Project/final_report.tex
(/Users/JosephYu/Desktop/GT/ML-Neural-Data/Project/final_report.tex
LaTeX2e <2024-06-01> patch level 2
L3 programming layer <2024-08-30>
(/usr/local/texlive/2024basic/texmf-dist/tex/latex/base/article.cls
Document Class: article 2024/02/08 v1.4n Standard LaTeX document class
(/usr/local/texlive/2024basic/texmf-dist/tex/latex/base/size12.clo
File: size12.clo 2024/02/08 v1.4n Standard LaTeX file (size option)
)
\c@part=\count194
\c@section=\count195
\c@subsection=\count196
\c@subsubsection=\count197
\c@paragraph=\count198
\c@subparagraph=\count199
\c@figure=\count266
\c@table=\count267
\abovecaptionskip=\skip49
\belowcaptionskip=\skip50
\bibindent=\dimen141
) (/usr/local/texlive/2024basic/texmf-dist/tex/latex/geometry/geometry.sty
Package: geometry 2020/01/02 v5.9 Page Geometry
 (/usr/local/texlive/2024basic/texmf-dist/tex/latex/graphics/keyval.sty
Package: keyval 2022/05/29 v1.15 key=value parser (DPC)
\KV@toks@=\toks17
) (/usr/local/texlive/2024basic/texmf-dist/tex/generic/iftex/ifvtex.sty
Package: ifvtex 2019/10/25 v1.7 ifvtex legacy package. Use iftex instead.
 (/usr/local/texlive/2024basic/texmf-dist/tex/generic/iftex/iftex.sty
Package: iftex 2022/02/03 v1.0f TeX engine tests
))
\Gm@cnth=\count268
\Gm@cntv=\count269
\c@Gm@tempcnt=\count270
\Gm@bindingoffset=\dimen142
\Gm@wd@mp=\dimen143
\Gm@odd@mp=\dimen144
\Gm@even@mp=\dimen145
\Gm@layoutwidth=\dimen146
\Gm@layoutheight=\dimen147
\Gm@layouthoffset=\dimen148
\Gm@layoutvoffset=\dimen149
\Gm@dimlist=\toks18
) (/usr/local/texlive/2024basic/texmf-dist/tex/latex/amsmath/amsmath.sty
Package: amsmath 2024/05/23 v2.17q AMS math features
\@mathmargin=\skip51

For additional information on amsmath, use the `?' option.
(/usr/local/texlive/2024basic/texmf-dist/tex/latex/amsmath/amstext.sty
Package: amstext 2021/08/26 v2.01 AMS text
 (/usr/local/texlive/2024basic/texmf-dist/tex/latex/amsmath/amsgen.sty
File: amsgen.sty 1999/11/30 v2.0 generic functions
\@emptytoks=\toks19
\ex@=\dimen150
)) (/usr/local/texlive/2024basic/texmf-dist/tex/latex/amsmath/amsbsy.sty
Package: amsbsy 1999/11/29 v1.2d Bold Symbols
\pmbraise@=\dimen151
) (/usr/local/texlive/2024basic/texmf-dist/tex/latex/amsmath/amsopn.sty
Package: amsopn 2022/04/08 v2.04 operator names
)
\inf@bad=\count271
LaTeX Info: Redefining \frac on input line 233.
\uproot@=\count272
\leftroot@=\count273
LaTeX Info: Redefining \overline on input line 398.
LaTeX Info: Redefining \colon on input line 409.
\classnum@=\count274
\DOTSCASE@=\count275
LaTeX Info: Redefining \ldots on input line 495.
LaTeX Info: Redefining \dots on input line 498.
LaTeX Info: Redefining \cdots on input line 619.
\Mathstrutbox@=\box52
\strutbox@=\box53
LaTeX Info: Redefining \big on input line 721.
LaTeX Info: Redefining \Big on input line 722.
LaTeX Info: Redefining \bigg on input line 723.
LaTeX Info: Redefining \Bigg on input line 724.
\big@size=\dimen152
LaTeX Font Info:    Redeclaring font encoding OML on input line 742.
LaTeX Font Info:    Redeclaring font encoding OMS on input line 743.
\macc@depth=\count276
LaTeX Info: Redefining \bmod on input line 904.
LaTeX Info: Redefining \pmod on input line 909.
LaTeX Info: Redefining \smash on input line 939.
LaTeX Info: Redefining \relbar on input line 969.
LaTeX Info: Redefining \Relbar on input line 970.
\c@MaxMatrixCols=\count277
\dotsspace@=\muskip17
\c@parentequation=\count278
\dspbrk@lvl=\count279
\tag@help=\toks20
\row@=\count280
\column@=\count281
\maxfields@=\count282
\andhelp@=\toks21
\eqnshift@=\dimen153
\alignsep@=\dimen154
\tagshift@=\dimen155
\tagwidth@=\dimen156
\totwidth@=\dimen157
\lineht@=\dimen158
\@envbody=\toks22
\multlinegap=\skip52
\multlinetaggap=\skip53
\mathdisplay@stack=\toks23
LaTeX Info: Redefining \[ on input line 2953.
LaTeX Info: Redefining \] on input line 2954.
) (/usr/local/texlive/2024basic/texmf-dist/tex/latex/graphics/graphicx.sty
Package: graphicx 2021/09/16 v1.2d Enhanced LaTeX Graphics (DPC,SPQR)
 (/usr/local/texlive/2024basic/texmf-dist/tex/latex/graphics/graphics.sty
Package: graphics 2024/05/23 v1.4g Standard LaTeX Graphics (DPC,SPQR)
 (/usr/local/texlive/2024basic/texmf-dist/tex/latex/graphics/trig.sty
Package: trig 2023/12/02 v1.11 sin cos tan (DPC)
) (/usr/local/texlive/2024basic/texmf-dist/tex/latex/graphics-cfg/graphics.cfg
File: graphics.cfg 2016/06/04 v1.11 sample graphics configuration
)
Package graphics Info: Driver file: pdftex.def on input line 106.
 (/usr/local/texlive/2024basic/texmf-dist/tex/latex/graphics-def/pdftex.def
File: pdftex.def 2024/04/13 v1.2c Graphics/color driver for pdftex
))
\Gin@req@height=\dimen159
\Gin@req@width=\dimen160
) (/usr/local/texlive/2024basic/texmf-dist/tex/latex/float/float.sty
Package: float 2001/11/08 v1.3d Float enhancements (AL)
\c@float@type=\count283
\float@exts=\toks24
\float@box=\box54
\@float@everytoks=\toks25
\@floatcapt=\box55
) (/usr/local/texlive/2024basic/texmf-dist/tex/latex/hyperref/hyperref.sty
Package: hyperref 2024-07-10 v7.01j Hypertext links for LaTeX
 (/usr/local/texlive/2024basic/texmf-dist/tex/latex/kvsetkeys/kvsetkeys.sty
Package: kvsetkeys 2022-10-05 v1.19 Key value parser (HO)
) (/usr/local/texlive/2024basic/texmf-dist/tex/generic/kvdefinekeys/kvdefinekeys.sty
Package: kvdefinekeys 2019-12-19 v1.6 Define keys (HO)
) (/usr/local/texlive/2024basic/texmf-dist/tex/generic/pdfescape/pdfescape.sty
Package: pdfescape 2019/12/09 v1.15 Implements pdfTeX's escape features (HO)
 (/usr/local/texlive/2024basic/texmf-dist/tex/generic/ltxcmds/ltxcmds.sty
Package: ltxcmds 2023-12-04 v1.26 LaTeX kernel commands for general use (HO)
) (/usr/local/texlive/2024basic/texmf-dist/tex/generic/pdftexcmds/pdftexcmds.sty
Package: pdftexcmds 2020-06-27 v0.33 Utility functions of pdfTeX for LuaTeX (HO)
 (/usr/local/texlive/2024basic/texmf-dist/tex/generic/infwarerr/infwarerr.sty
Package: infwarerr 2019/12/03 v1.5 Providing info/warning/error messages (HO)
)
Package pdftexcmds Info: \pdf@primitive is available.
Package pdftexcmds Info: \pdf@ifprimitive is available.
Package pdftexcmds Info: \pdfdraftmode found.
)) (/usr/local/texlive/2024basic/texmf-dist/tex/latex/hycolor/hycolor.sty
Package: hycolor 2020-01-27 v1.10 Color options for hyperref/bookmark (HO)
) (/usr/local/texlive/2024basic/texmf-dist/tex/latex/hyperref/nameref.sty
Package: nameref 2023-11-26 v2.56 Cross-referencing by name of section
 (/usr/local/texlive/2024basic/texmf-dist/tex/latex/refcount/refcount.sty
Package: refcount 2019/12/15 v3.6 Data extraction from label references (HO)
) (/usr/local/texlive/2024basic/texmf-dist/tex/generic/gettitlestring/gettitlestring.sty
Package: gettitlestring 2019/12/15 v1.6 Cleanup title references (HO)
 (/usr/local/texlive/2024basic/texmf-dist/tex/latex/kvoptions/kvoptions.sty
Package: kvoptions 2022-06-15 v3.15 Key value format for package options (HO)
))
\c@section@level=\count284
) (/usr/local/texlive/2024basic/texmf-dist/tex/latex/etoolbox/etoolbox.sty
Package: etoolbox 2020/10/05 v2.5k e-TeX tools for LaTeX (JAW)
\etb@tempcnta=\count285
) (/usr/local/texlive/2024basic/texmf-dist/tex/generic/stringenc/stringenc.sty
Package: stringenc 2019/11/29 v1.12 Convert strings between diff. encodings (HO)
)
\@linkdim=\dimen161
\Hy@linkcounter=\count286
\Hy@pagecounter=\count287
 (/usr/local/texlive/2024basic/texmf-dist/tex/latex/hyperref/pd1enc.def
File: pd1enc.def 2024-07-10 v7.01j Hyperref: PDFDocEncoding definition (HO)
Now handling font encoding PD1 ...
... no UTF-8 mapping file for font encoding PD1
) (/usr/local/texlive/2024basic/texmf-dist/tex/generic/intcalc/intcalc.sty
Package: intcalc 2019/12/15 v1.3 Expandable calculations with integers (HO)
)
\Hy@SavedSpaceFactor=\count288
 (/usr/local/texlive/2024basic/texmf-dist/tex/latex/hyperref/puenc.def
File: puenc.def 2024-07-10 v7.01j Hyperref: PDF Unicode definition (HO)
Now handling font encoding PU ...
... no UTF-8 mapping file for font encoding PU
)
Package hyperref Info: Hyper figures OFF on input line 4157.
Package hyperref Info: Link nesting OFF on input line 4162.
Package hyperref Info: Hyper index ON on input line 4165.
Package hyperref Info: Plain pages OFF on input line 4172.
Package hyperref Info: Backreferencing OFF on input line 4177.
Package hyperref Info: Implicit mode ON; LaTeX internals redefined.
Package hyperref Info: Bookmarks ON on input line 4424.
\c@Hy@tempcnt=\count289
 (/usr/local/texlive/2024basic/texmf-dist/tex/latex/url/url.sty
\Urlmuskip=\muskip18
Package: url 2013/09/16  ver 3.4  Verb mode for urls, etc.
)
LaTeX Info: Redefining \url on input line 4763.
\XeTeXLinkMargin=\dimen162
 (/usr/local/texlive/2024basic/texmf-dist/tex/generic/bitset/bitset.sty
Package: bitset 2019/12/09 v1.3 Handle bit-vector datatype (HO)
 (/usr/local/texlive/2024basic/texmf-dist/tex/generic/bigintcalc/bigintcalc.sty
Package: bigintcalc 2019/12/15 v1.5 Expandable calculations on big integers (HO)
))
\Fld@menulength=\count290
\Field@Width=\dimen163
\Fld@charsize=\dimen164
Package hyperref Info: Hyper figures OFF on input line 6042.
Package hyperref Info: Link nesting OFF on input line 6047.
Package hyperref Info: Hyper index ON on input line 6050.
Package hyperref Info: backreferencing OFF on input line 6057.
Package hyperref Info: Link coloring OFF on input line 6062.
Package hyperref Info: Link coloring with OCG OFF on input line 6067.
Package hyperref Info: PDF/A mode OFF on input line 6072.
 (/usr/local/texlive/2024basic/texmf-dist/tex/latex/base/atbegshi-ltx.sty
Package: atbegshi-ltx 2021/01/10 v1.0c Emulation of the original atbegshi
package with kernel methods
)
\Hy@abspage=\count291
\c@Item=\count292
\c@Hfootnote=\count293
)
Package hyperref Info: Driver (autodetected): hpdftex.
 (/usr/local/texlive/2024basic/texmf-dist/tex/latex/hyperref/hpdftex.def
File: hpdftex.def 2024-07-10 v7.01j Hyperref driver for pdfTeX
 (/usr/local/texlive/2024basic/texmf-dist/tex/latex/base/atveryend-ltx.sty
Package: atveryend-ltx 2020/08/19 v1.0a Emulation of the original atveryend package
with kernel methods
)
\Fld@listcount=\count294
\c@bookmark@seq@number=\count295
 (/usr/local/texlive/2024basic/texmf-dist/tex/latex/rerunfilecheck/rerunfilecheck.sty
Package: rerunfilecheck 2022-07-10 v1.10 Rerun checks for auxiliary files (HO)
 (/usr/local/texlive/2024basic/texmf-dist/tex/generic/uniquecounter/uniquecounter.sty
Package: uniquecounter 2019/12/15 v1.4 Provide unlimited unique counter (HO)
)
Package uniquecounter Info: New unique counter `rerunfilecheck' on input line 285.
)
\Hy@SectionHShift=\skip54
) (/usr/local/texlive/2024basic/texmf-dist/tex/latex/caption/caption.sty
Package: caption 2023/08/05 v3.6o Customizing captions (AR)
 (/usr/local/texlive/2024basic/texmf-dist/tex/latex/caption/caption3.sty
Package: caption3 2023/07/31 v2.4d caption3 kernel (AR)
\caption@tempdima=\dimen165
\captionmargin=\dimen166
\caption@leftmargin=\dimen167
\caption@rightmargin=\dimen168
\caption@width=\dimen169
\caption@indent=\dimen170
\caption@parindent=\dimen171
\caption@hangindent=\dimen172
Package caption Info: Standard document class detected.
)
\c@caption@flags=\count296
\c@continuedfloat=\count297
Package caption Info: float package is loaded.
Package caption Info: hyperref package is loaded.
) (/usr/local/texlive/2024basic/texmf-dist/tex/latex/l3backend/l3backend-pdftex.def
File: l3backend-pdftex.def 2024-05-08 L3 backend support: PDF output (pdfTeX)
\l__color_backend_stack_int=\count298
\l__pdf_internal_box=\box56
) (./final_report.aux)
\openout1 = `final_report.aux'.

LaTeX Font Info:    Checking defaults for OML/cmm/m/it on input line 12.
LaTeX Font Info:    ... okay on input line 12.
LaTeX Font Info:    Checking defaults for OMS/cmsy/m/n on input line 12.
LaTeX Font Info:    ... okay on input line 12.
LaTeX Font Info:    Checking defaults for OT1/cmr/m/n on input line 12.
LaTeX Font Info:    ... okay on input line 12.
LaTeX Font Info:    Checking defaults for T1/cmr/m/n on input line 12.
LaTeX Font Info:    ... okay on input line 12.
LaTeX Font Info:    Checking defaults for TS1/cmr/m/n on input line 12.
LaTeX Font Info:    ... okay on input line 12.
LaTeX Font Info:    Checking defaults for OMX/cmex/m/n on input line 12.
LaTeX Font Info:    ... okay on input line 12.
LaTeX Font Info:    Checking defaults for U/cmr/m/n on input line 12.
LaTeX Font Info:    ... okay on input line 12.
LaTeX Font Info:    Checking defaults for PD1/pdf/m/n on input line 12.
LaTeX Font Info:    ... okay on input line 12.
LaTeX Font Info:    Checking defaults for PU/pdf/m/n on input line 12.
LaTeX Font Info:    ... okay on input line 12.

*geometry* driver: auto-detecting
*geometry* detected driver: pdftex
*geometry* verbose mode - [ preamble ] result:
* driver: pdftex
* paper: a4paper
* layout: <same size as paper>
* layoutoffset:(h,v)=(0.0pt,0.0pt)
* modes: 
* h-part:(L,W,R)=(72.26999pt, 452.9679pt, 72.26999pt)
* v-part:(T,H,B)=(72.26999pt, 700.50687pt, 72.26999pt)
* \paperwidth=597.50787pt
* \paperheight=845.04684pt
* \textwidth=452.9679pt
* \textheight=700.50687pt
* \oddsidemargin=0.0pt
* \evensidemargin=0.0pt
* \topmargin=-37.0pt
* \headheight=12.0pt
* \headsep=25.0pt
* \topskip=12.0pt
* \footskip=30.0pt
* \marginparwidth=44.0pt
* \marginparsep=10.0pt
* \columnsep=10.0pt
* \skip\footins=10.8pt plus 4.0pt minus 2.0pt
* \hoffset=0.0pt
* \voffset=0.0pt
* \mag=1000
* \@twocolumnfalse
* \@twosidefalse
* \@mparswitchfalse
* \@reversemarginfalse
* (1in=72.27pt=25.4mm, 1cm=28.453pt)

(/usr/local/texlive/2024basic/texmf-dist/tex/context/base/mkii/supp-pdf.mkii
[Loading MPS to PDF converter (version 2006.09.02).]
\scratchcounter=\count299
\scratchdimen=\dimen173
\scratchbox=\box57
\nofMPsegments=\count300
\nofMParguments=\count301
\everyMPshowfont=\toks26
\MPscratchCnt=\count302
\MPscratchDim=\dimen174
\MPnumerator=\count303
\makeMPintoPDFobject=\count304
\everyMPtoPDFconversion=\toks27
) (/usr/local/texlive/2024basic/texmf-dist/tex/latex/epstopdf-pkg/epstopdf-base.sty
Package: epstopdf-base 2020-01-24 v2.11 Base part for package epstopdf
Package epstopdf-base Info: Redefining graphics rule for `.eps' on input line 485.
 (/usr/local/texlive/2024basic/texmf-dist/tex/latex/latexconfig/epstopdf-sys.cfg
File: epstopdf-sys.cfg 2010/07/13 v1.3 Configuration of (r)epstopdf for TeX Live
))
Package hyperref Info: Link coloring OFF on input line 12.
 (./final_report.out) (./final_report.out)
\@outlinefile=\write3
\openout3 = `final_report.out'.

Package caption Info: Begin \AtBeginDocument code.
Package caption Info: End \AtBeginDocument code.


[1

{/usr/local/texlive/2024basic/texmf-var/fonts/map/pdftex/updmap/pdftex.map}]
<images/neuropixels.png, id=100, 578.16pt x 578.16pt>
File: images/neuropixels.png Graphic file (type png)
<use images/neuropixels.png>
Package pdftex.def Info: images/neuropixels.png  used on input line 37.
(pdftex.def)             Requested size: 271.7835pt x 271.77934pt.
<images/3d_pca_neuropixels.png, id=102, 722.7pt x 722.7pt>
File: images/3d_pca_neuropixels.png Graphic file (type png)
<use images/3d_pca_neuropixels.png>
Package pdftex.def Info: images/3d_pca_neuropixels.png  used on input line 46.
(pdftex.def)             Requested size: 226.48395pt x 226.48279pt.


[2 <./images/neuropixels.png>]
<images/neuropixels_pca_explained_variance.png, id=110, 462.528pt x 346.896pt>
File: images/neuropixels_pca_explained_variance.png Graphic file (type png)
<use images/neuropixels_pca_explained_variance.png>
Package pdftex.def Info: images/neuropixels_pca_explained_variance.png  used on input line 55.
(pdftex.def)             Requested size: 226.48395pt x 169.86406pt.
<images/tsne_neuropixels.png, id=111, 361.35pt x 361.35pt>
File: images/tsne_neuropixels.png Graphic file (type png)
<use images/tsne_neuropixels.png>
Package pdftex.def Info: images/tsne_neuropixels.png  used on input line 64.
(pdftex.def)             Requested size: 226.48395pt x 226.48279pt.


[3 <./images/3d_pca_neuropixels.png> <./images/neuropixels_pca_explained_variance.png>]
<images/frame_id_metrics_lasso_.08.png, id=120, 451.6875pt x 604.8999pt>
File: images/frame_id_metrics_lasso_.08.png Graphic file (type png)
<use images/frame_id_metrics_lasso_.08.png>
Package pdftex.def Info: images/frame_id_metrics_lasso_.08.png  used on input line 80.
(pdftex.def)             Requested size: 226.48395pt x 303.31682pt.


[4 <./images/tsne_neuropixels.png>]
<images/frame_id_metrics_logistic.png, id=128, 599.1183pt x 326.6604pt>
File: images/frame_id_metrics_logistic.png Graphic file (type png)
<use images/frame_id_metrics_logistic.png>
Package pdftex.def Info: images/frame_id_metrics_logistic.png  used on input line 88.
(pdftex.def)             Requested size: 317.07614pt x 172.88493pt.


[5 <./images/frame_id_metrics_lasso_.08.png> <./images/frame_id_metrics_logistic.png>]
<images/neuropixel_logistic_reg_video.png, id=137, 1000.2168pt x 258.7266pt>
File: images/neuropixel_logistic_reg_video.png Graphic file (type png)
<use images/neuropixel_logistic_reg_video.png>
Package pdftex.def Info: images/neuropixel_logistic_reg_video.png  used on input line 97.
(pdftex.def)             Requested size: 362.37569pt x 93.73761pt.
<images/frame_id_metrics_lasso_using_pca.08.png, id=138, 483.4863pt x 604.8999pt>
File: images/frame_id_metrics_lasso_using_pca.08.png Graphic file (type png)
<use images/frame_id_metrics_lasso_using_pca.08.png>
Package pdftex.def Info: images/frame_id_metrics_lasso_using_pca.08.png  used on input line 110.
(pdftex.def)             Requested size: 226.48395pt x 283.3523pt.


[6 <./images/neuropixel_logistic_reg_video.png>]
<images/logistic_pca_accuracy_mae.png, id=145, 744.381pt x 341.8371pt>
File: images/logistic_pca_accuracy_mae.png Graphic file (type png)
<use images/logistic_pca_accuracy_mae.png>
Package pdftex.def Info: images/logistic_pca_accuracy_mae.png  used on input line 119.
(pdftex.def)             Requested size: 317.07614pt x 145.60483pt.
<images/frame_id_metrics_logistic_C_.4_pca.png, id=146, 711.1368pt x 326.6604pt>
File: images/frame_id_metrics_logistic_C_.4_pca.png Graphic file (type png)
<use images/frame_id_metrics_logistic_C_.4_pca.png>
Package pdftex.def Info: images/frame_id_metrics_logistic_C_.4_pca.png  used on input line 128.
(pdftex.def)             Requested size: 317.07614pt x 145.65001pt.


[7 <./images/frame_id_metrics_lasso_using_pca.08.png> <./images/logistic_pca_accuracy_mae.png>]
<images/.9_pca_logistic_reg_video.png, id=158, 1000.2168pt x 258.7266pt>
File: images/.9_pca_logistic_reg_video.png Graphic file (type png)
<use images/.9_pca_logistic_reg_video.png>
Package pdftex.def Info: images/.9_pca_logistic_reg_video.png  used on input line 137.
(pdftex.def)             Requested size: 362.37569pt x 93.73761pt.


[8 <./images/frame_id_metrics_logistic_C_.4_pca.png> <./images/.9_pca_logistic_reg_video.png>]
<images/x_r2_128dim_200_epochs_0.05beta_2_layer.png, id=170, 1011.78pt x 433.62pt>
File: images/x_r2_128dim_200_epochs_0.05beta_2_layer.png Graphic file (type png)
<use images/x_r2_128dim_200_epochs_0.05beta_2_layer.png>
Package pdftex.def Info: images/x_r2_128dim_200_epochs_0.05beta_2_layer.png  used on input line 156.
(pdftex.def)             Requested size: 452.9679pt x 194.1281pt.


[9 <./images/x_r2_128dim_200_epochs_0.05beta_2_layer.png>]
<images/x_r2_128dim_393_top_var_200_epochs_0.05_beta_2_layer.png, id=178, 1011.78pt x 433.62pt>
File: images/x_r2_128dim_393_top_var_200_epochs_0.05_beta_2_layer.png Graphic file (type png)
<use images/x_r2_128dim_393_top_var_200_epochs_0.05_beta_2_layer.png>
Package pdftex.def Info: images/x_r2_128dim_393_top_var_200_epochs_0.05_beta_2_layer.png  used on input line 165.
(pdftex.def)             Requested size: 452.9679pt x 194.1281pt.
<images/x_r2_128dim_503_top_var_200_epochs_0.05_beta_2_layer.png, id=181, 1011.78pt x 433.62pt>
File: images/x_r2_128dim_503_top_var_200_epochs_0.05_beta_2_layer.png Graphic file (type png)
<use images/x_r2_128dim_503_top_var_200_epochs_0.05_beta_2_layer.png>
Package pdftex.def Info: images/x_r2_128dim_503_top_var_200_epochs_0.05_beta_2_layer.png  used on input line 174.
(pdftex.def)             Requested size: 452.9679pt x 194.1281pt.


[10 <./images/x_r2_128dim_393_top_var_200_epochs_0.05_beta_2_layer.png> <./images/x_r2_128dim_503_top_var_200_epochs_0.05_beta_2_layer.png>]
<images/x_r2_128dim_503_top_var_200_epochs_0.05_beta_2_layer_.9_pca_DINO_embed.png, id=199, 1011.78pt x 433.62pt>
File: images/x_r2_128dim_503_top_var_200_epochs_0.05_beta_2_layer_.9_pca_DINO_embed.png Graphic file (type png)
<use images/x_r2_128dim_503_top_var_200_epochs_0.05_beta_2_layer_.9_pca_DINO_embed.png>
Package pdftex.def Info: images/x_r2_128dim_503_top_var_200_epochs_0.05_beta_2_layer_.9_pca_DINO_embed.png  used on input line 189.
(pdftex.def)             Requested size: 452.9679pt x 194.1281pt.
<images/.9_pca_DINO_embed_r2_128dim_503_top_var_200_epochs_0.05_beta_2_layer.png, id=204, 1011.78pt x 433.62pt>
File: images/.9_pca_DINO_embed_r2_128dim_503_top_var_200_epochs_0.05_beta_2_layer.png Graphic file (type png)
<use images/.9_pca_DINO_embed_r2_128dim_503_top_var_200_epochs_0.05_beta_2_layer.png>
Package pdftex.def Info: images/.9_pca_DINO_embed_r2_128dim_503_top_var_200_epochs_0.05_beta_2_layer.png  used on input line 198.
(pdftex.def)             Requested size: 407.66833pt x 174.71529pt.


[11 <./images/x_r2_128dim_503_top_var_200_epochs_0.05_beta_2_layer_.9_pca_DINO_embed.png>]
<images/x_r2_128dim_503_top_var_200_epochs_0.008_beta_2_layer_.9_pca_DINO_embed.png, id=215, 1011.78pt x 433.62pt>
File: images/x_r2_128dim_503_top_var_200_epochs_0.008_beta_2_layer_.9_pca_DINO_embed.png Graphic file (type png)
<use images/x_r2_128dim_503_top_var_200_epochs_0.008_beta_2_layer_.9_pca_DINO_embed.png>
Package pdftex.def Info: images/x_r2_128dim_503_top_var_200_epochs_0.008_beta_2_layer_.9_pca_DINO_embed.png  used on input line 209.
(pdftex.def)             Requested size: 452.9679pt x 194.1281pt.


[12 <./images/.9_pca_DINO_embed_r2_128dim_503_top_var_200_epochs_0.05_beta_2_layer.png> <./images/x_r2_128dim_503_top_var_200_epochs_0.008_beta_2_layer_.9_pca_DINO_embed.png>]
<images/.9_pca_DINO_embed_r2_128dim_503_top_var_200_epochs_0.008_beta_2_layer.png, id=227, 1011.78pt x 433.62pt>
File: images/.9_pca_DINO_embed_r2_128dim_503_top_var_200_epochs_0.008_beta_2_layer.png Graphic file (type png)
<use images/.9_pca_DINO_embed_r2_128dim_503_top_var_200_epochs_0.008_beta_2_layer.png>
Package pdftex.def Info: images/.9_pca_DINO_embed_r2_128dim_503_top_var_200_epochs_0.008_beta_2_layer.png  used on input line 219.
(pdftex.def)             Requested size: 407.66833pt x 174.71529pt.
<images/x_r2_128dim_772_top_var_200_epochs_0.008_beta_2_layer_.9_pca_DINO_embed.png, id=232, 1011.78pt x 433.62pt>
File: images/x_r2_128dim_772_top_var_200_epochs_0.008_beta_2_layer_.9_pca_DINO_embed.png Graphic file (type png)
<use images/x_r2_128dim_772_top_var_200_epochs_0.008_beta_2_layer_.9_pca_DINO_embed.png>
Package pdftex.def Info: images/x_r2_128dim_772_top_var_200_epochs_0.008_beta_2_layer_.9_pca_DINO_embed.png  used on input line 230.
(pdftex.def)             Requested size: 452.9679pt x 194.1281pt.


[13 <./images/.9_pca_DINO_embed_r2_128dim_503_top_var_200_epochs_0.008_beta_2_layer.png> <./images/x_r2_128dim_772_top_var_200_epochs_0.008_beta_2_layer_.9_pca_DINO_embed.png>]
<images/.9_pca_DINO_embed_r2_128dim_772_top_var_200_epochs_0.008_beta_2_layer.png, id=246, 1011.78pt x 433.62pt>
File: images/.9_pca_DINO_embed_r2_128dim_772_top_var_200_epochs_0.008_beta_2_layer.png Graphic file (type png)
<use images/.9_pca_DINO_embed_r2_128dim_772_top_var_200_epochs_0.008_beta_2_layer.png>
Package pdftex.def Info: images/.9_pca_DINO_embed_r2_128dim_772_top_var_200_epochs_0.008_beta_2_layer.png  used on input line 239.
(pdftex.def)             Requested size: 407.66833pt x 174.71529pt.
<images/x_r2_128dim_503_top_var_200_epochs_0.05_beta_2_layer_frame_id_guidance.png, id=248, 1011.78pt x 433.62pt>
File: images/x_r2_128dim_503_top_var_200_epochs_0.05_beta_2_layer_frame_id_guidance.png Graphic file (type png)
<use images/x_r2_128dim_503_top_var_200_epochs_0.05_beta_2_layer_frame_id_guidance.png>
Package pdftex.def Info: images/x_r2_128dim_503_top_var_200_epochs_0.05_beta_2_layer_frame_id_guidance.png  used on input line 254.
(pdftex.def)             Requested size: 452.9679pt x 194.1281pt.


[14 <./images/.9_pca_DINO_embed_r2_128dim_772_top_var_200_epochs_0.008_beta_2_layer.png>]
<images/frame_id_accuracy_128dim_503_top_var_200_epochs_0.05_beta_2_layer.png, id=260, 1011.78pt x 433.62pt>
File: images/frame_id_accuracy_128dim_503_top_var_200_epochs_0.05_beta_2_layer.png Graphic file (type png)
<use images/frame_id_accuracy_128dim_503_top_var_200_epochs_0.05_beta_2_layer.png>
Package pdftex.def Info: images/frame_id_accuracy_128dim_503_top_var_200_epochs_0.05_beta_2_layer.png  used on input line 263.
(pdftex.def)             Requested size: 452.9679pt x 194.1281pt.
<images/frame_id_accuracy_128dim_503_top_var_200_epochs_0.05_beta_2_layer_.2_dropout.png, id=261, 1011.78pt x 433.62pt>
File: images/frame_id_accuracy_128dim_503_top_var_200_epochs_0.05_beta_2_layer_.2_dropout.png Graphic file (type png)
<use images/frame_id_accuracy_128dim_503_top_var_200_epochs_0.05_beta_2_layer_.2_dropout.png>
Package pdftex.def Info: images/frame_id_accuracy_128dim_503_top_var_200_epochs_0.05_beta_2_layer_.2_dropout.png  used on input line 272.
(pdftex.def)             Requested size: 452.9679pt x 194.1281pt.


[15 <./images/x_r2_128dim_503_top_var_200_epochs_0.05_beta_2_layer_frame_id_guidance.png> <./images/frame_id_accuracy_128dim_503_top_var_200_epochs_0.05_beta_2_layer.png>]
<images/vae_models_logistic_knn_comparison.png, id=270, 867.24pt x 578.16pt>
File: images/vae_models_logistic_knn_comparison.png Graphic file (type png)
<use images/vae_models_logistic_knn_comparison.png>
Package pdftex.def Info: images/vae_models_logistic_knn_comparison.png  used on input line 295.
(pdftex.def)             Requested size: 452.9679pt x 301.97705pt.


[16 <./images/frame_id_accuracy_128dim_503_top_var_200_epochs_0.05_beta_2_layer_.2_dropout.png>]

[17 <./images/vae_models_logistic_knn_comparison.png>]
<images/pca_no_guidance_latents.png, id=293, 867.24pt x 867.24pt>
File: images/pca_no_guidance_latents.png Graphic file (type png)
<use images/pca_no_guidance_latents.png>
Package pdftex.def Info: images/pca_no_guidance_latents.png  used on input line 308.
(pdftex.def)             Requested size: 226.48395pt x 226.48279pt.
<images/pca_DINO_guidance_latents.png, id=294, 867.24pt x 867.24pt>
File: images/pca_DINO_guidance_latents.png Graphic file (type png)
<use images/pca_DINO_guidance_latents.png>
Package pdftex.def Info: images/pca_DINO_guidance_latents.png  used on input line 315.
(pdftex.def)             Requested size: 226.48395pt x 226.48279pt.


[18 <./images/pca_no_guidance_latents.png> <./images/pca_DINO_guidance_latents.png>]
<images/772_vae_hidden_.9_pca_DINO_knn_video.png, id=306, 1003.8303pt x 261.6174pt>
File: images/772_vae_hidden_.9_pca_DINO_knn_video.png Graphic file (type png)
<use images/772_vae_hidden_.9_pca_DINO_knn_video.png>
Package pdftex.def Info: images/772_vae_hidden_.9_pca_DINO_knn_video.png  used on input line 326.
(pdftex.def)             Requested size: 452.9679pt x 118.05008pt.
<images/cebra_latents_knn_decoder_grid_search.png, id=311, 867.24pt x 361.35pt>
File: images/cebra_latents_knn_decoder_grid_search.png Graphic file (type png)
<use images/cebra_latents_knn_decoder_grid_search.png>
Package pdftex.def Info: images/cebra_latents_knn_decoder_grid_search.png  used on input line 341.
(pdftex.def)             Requested size: 452.9679pt x 188.73566pt.


[19 <./images/772_vae_hidden_.9_pca_DINO_knn_video.png>]
<images/pca_cebra_latents.png, id=327, 1039.885pt x 867.24pt>
File: images/pca_cebra_latents.png Graphic file (type png)
<use images/pca_cebra_latents.png>
Package pdftex.def Info: images/pca_cebra_latents.png  used on input line 352.
(pdftex.def)             Requested size: 271.7835pt x 226.65482pt.


[20 <./images/cebra_latents_knn_decoder_grid_search.png> <./images/pca_cebra_latents.png>]
<images/cebra_knn_video.png, id=337, 1003.8303pt x 261.6174pt>
File: images/cebra_knn_video.png Graphic file (type png)
<use images/cebra_knn_video.png>
Package pdftex.def Info: images/cebra_knn_video.png  used on input line 361.
(pdftex.def)             Requested size: 452.9679pt x 118.05008pt.
<images/cebra_latents_lr_decoder.png, id=342, 867.24pt x 361.35pt>
File: images/cebra_latents_lr_decoder.png Graphic file (type png)
<use images/cebra_latents_lr_decoder.png>
Package pdftex.def Info: images/cebra_latents_lr_decoder.png  used on input line 374.
(pdftex.def)             Requested size: 362.37569pt x 150.98853pt.


[21 <./images/cebra_knn_video.png> <./images/cebra_latents_lr_decoder.png>]
<images/cebra_x_r2_772_200_epochs_3_layer.png, id=358, 1156.32pt x 433.62pt>
File: images/cebra_x_r2_772_200_epochs_3_layer.png Graphic file (type png)
<use images/cebra_x_r2_772_200_epochs_3_layer.png>
Package pdftex.def Info: images/cebra_x_r2_772_200_epochs_3_layer.png  used on input line 387.
(pdftex.def)             Requested size: 452.9679pt x 169.85878pt.
<images/cebra_x_r2_503_200_epochs_3_layer.png, id=366, 1156.32pt x 433.62pt>
File: images/cebra_x_r2_503_200_epochs_3_layer.png Graphic file (type png)
<use images/cebra_x_r2_503_200_epochs_3_layer.png>
Package pdftex.def Info: images/cebra_x_r2_503_200_epochs_3_layer.png  used on input line 396.
(pdftex.def)             Requested size: 452.9679pt x 169.85878pt.


[22 <./images/cebra_x_r2_772_200_epochs_3_layer.png>]
<images/cebra_x_r2_393_200_epochs_3_layer.png, id=376, 1156.32pt x 433.62pt>
File: images/cebra_x_r2_393_200_epochs_3_layer.png Graphic file (type png)
<use images/cebra_x_r2_393_200_epochs_3_layer.png>
Package pdftex.def Info: images/cebra_x_r2_393_200_epochs_3_layer.png  used on input line 405.
(pdftex.def)             Requested size: 452.9679pt x 169.85878pt.
<images/cebra_test_r2_scores.png, id=379, 433.62pt x 361.35pt>
File: images/cebra_test_r2_scores.png Graphic file (type png)
<use images/cebra_test_r2_scores.png>
Package pdftex.def Info: images/cebra_test_r2_scores.png  used on input line 416.
(pdftex.def)             Requested size: 271.7835pt x 226.49933pt.


[23 <./images/cebra_x_r2_503_200_epochs_3_layer.png> <./images/cebra_x_r2_393_200_epochs_3_layer.png>]

[24 <./images/cebra_test_r2_scores.png>]

[25]

[26] (./final_report.aux)
 ***********
LaTeX2e <2024-06-01> patch level 2
L3 programming layer <2024-08-30>
 ***********
Package rerunfilecheck Info: File `final_report.out' has not changed.
(rerunfilecheck)             Checksum: 44540628FC6AB9F7209C3DE1DA6331D7;3020.
 ) 
Here is how much of TeX's memory you used:
 11477 strings out of 475030
 195962 string characters out of 5762435
 583737 words of memory out of 5000000
 33974 multiletter control sequences out of 15000+600000
 565215 words of font info for 61 fonts, out of 8000000 for 9000
 319 hyphenation exceptions out of 8191
 75i,7n,79p,3874b,441s stack positions out of 10000i,1000n,20000p,200000b,200000s
 </Users/JosephYu/Library/texlive/2024basic/texmf-var/fonts/pk/ljfour/jknappen/ec/tcrm1200.600pk></usr/local/texlive/2024basic/texmf-dist/fonts/type1/public/amsfonts/cm/cmbx12.pfb></usr/local/texlive/2024basic/texmf-dist/fonts/type1/public/amsfonts/cm/cmmi12.pfb></usr/local/texlive/2024basic/texmf-dist/fonts/type1/public/amsfonts/cm/cmmi8.pfb></usr/local/texlive/2024basic/texmf-dist/fonts/type1/public/amsfonts/cm/cmr12.pfb></usr/local/texlive/2024basic/texmf-dist/fonts/type1/public/amsfonts/cm/cmr17.pfb></usr/local/texlive/2024basic/texmf-dist/fonts/type1/public/amsfonts/cm/cmr8.pfb></usr/local/texlive/2024basic/texmf-dist/fonts/type1/public/amsfonts/cm/cmti12.pfb></usr/local/texlive/2024basic/texmf-dist/fonts/type1/public/amsfonts/cm/cmtt12.pfb>
Output written on final_report.pdf (26 pages, 3238293 bytes).
PDF statistics:
 498 PDF objects out of 1000 (max. 8388607)
 379 compressed objects within 4 object streams
 86 named destinations out of 1000 (max. 500000)
 320 words of extra memory for PDF output out of 10000 (max. 10000000)

